2024-05-14 17:57:40.797 [info] Log level: Info
2024-05-14 17:57:40.797 [info] Validating found git in: "git"
2024-05-14 17:57:40.797 [info] Using git "2.34.1" from "git"
2024-05-14 17:57:40.797 [info] > git rev-parse --show-toplevel [5ms]
2024-05-14 17:57:40.797 [info] fatal: not a git repository (or any of the parent directories): .git
2024-05-14 17:57:40.797 [info] > git rev-parse --show-toplevel [42ms]
2024-05-14 17:57:40.797 [info] fatal: not a git repository (or any of the parent directories): .git
2024-05-14 17:57:40.797 [info] > git rev-parse --show-toplevel [6ms]
2024-05-14 17:57:40.797 [info] fatal: not a git repository (or any of the parent directories): .git
2024-05-14 17:58:16.088 [info] > git rev-parse --show-toplevel [2ms]
2024-05-14 17:58:16.089 [info] fatal: not a git repository (or any of the parent directories): .git
2024-05-14 18:01:06.534 [info] > git rev-parse --show-toplevel [1ms]
2024-05-14 18:01:06.542 [info] > git rev-parse --git-dir --git-common-dir [1ms]
2024-05-14 18:01:06.555 [info] Open repository: /home/mahfuz
2024-05-14 18:01:06.568 [info] No remotes found in the git config file.
2024-05-14 18:01:06.569 [info] > git config --get commit.template [7ms]
2024-05-14 18:01:06.569 [info] > git for-each-ref --format=%(refname)%00%(upstream:short)%00%(objectname)%00%(upstream:track)%00%(upstream:remotename)%00%(upstream:remoteref) refs/heads/master refs/remotes/master [2ms]
2024-05-14 18:01:06.569 [warning] No such branch: master.
2024-05-14 18:01:06.628 [info] > git status -z -uall [54ms]
2024-05-14 18:01:06.807 [info] > git config --get commit.template [15ms]
2024-05-14 18:01:06.822 [info] No remotes found in the git config file.
2024-05-14 18:01:06.822 [info] > git for-each-ref --format=%(refname)%00%(upstream:short)%00%(objectname)%00%(upstream:track)%00%(upstream:remotename)%00%(upstream:remoteref) refs/heads/master refs/remotes/master [1ms]
2024-05-14 18:01:06.822 [warning] No such branch: master.
2024-05-14 18:01:06.841 [info] > git status -z -uall [14ms]
2024-05-14 18:01:07.128 [info] > git check-ignore -v -z --stdin [2ms]
2024-05-14 18:01:07.149 [info] > git show --textconv :contracts/muffinToken.sol [8ms]
2024-05-14 18:01:07.150 [info] > git ls-files --stage -- /home/mahfuz/contracts/muffinToken.sol [1ms]
2024-05-14 18:01:10.408 [info] > git config --get commit.template [1ms]
2024-05-14 18:01:10.416 [info] No remotes found in the git config file.
2024-05-14 18:01:10.416 [info] > git for-each-ref --format=%(refname)%00%(upstream:short)%00%(objectname)%00%(upstream:track)%00%(upstream:remotename)%00%(upstream:remoteref) refs/heads/master refs/remotes/master [1ms]
2024-05-14 18:01:10.417 [warning] No such branch: master.
2024-05-14 18:01:10.427 [info] > git status -z -uall [6ms]
2024-05-14 18:01:15.457 [info] > git config --get commit.template [1ms]
2024-05-14 18:01:15.465 [info] No remotes found in the git config file.
2024-05-14 18:01:15.465 [info] > git for-each-ref --format=%(refname)%00%(upstream:short)%00%(objectname)%00%(upstream:track)%00%(upstream:remotename)%00%(upstream:remoteref) refs/heads/master refs/remotes/master [1ms]
2024-05-14 18:01:15.466 [warning] No such branch: master.
2024-05-14 18:01:15.481 [info] > git status -z -uall [9ms]
2024-05-14 18:01:20.506 [info] > git config --get commit.template [2ms]
2024-05-14 18:01:20.513 [info] No remotes found in the git config file.
2024-05-14 18:01:20.515 [info] > git for-each-ref --format=%(refname)%00%(upstream:short)%00%(objectname)%00%(upstream:track)%00%(upstream:remotename)%00%(upstream:remoteref) refs/heads/master refs/remotes/master [1ms]
2024-05-14 18:01:20.515 [warning] No such branch: master.
2024-05-14 18:01:20.530 [info] > git status -z -uall [9ms]
2024-05-14 18:01:25.549 [info] > git config --get commit.template [1ms]
2024-05-14 18:01:25.557 [info] No remotes found in the git config file.
2024-05-14 18:01:25.558 [info] > git for-each-ref --format=%(refname)%00%(upstream:short)%00%(objectname)%00%(upstream:track)%00%(upstream:remotename)%00%(upstream:remoteref) refs/heads/master refs/remotes/master [2ms]
2024-05-14 18:01:25.558 [warning] No such branch: master.
2024-05-14 18:01:25.571 [info] > git status -z -uall [9ms]
